Using pre-set license

 COMMAND LINE ARGUMENTS:
/Applications/Unity/Hub/Editor/2020.3.10f1/Unity.app/Contents/MacOS/Unity
-adb2
-batchMode
-noUpm
-name
AssetImportWorker0
-projectPath
/Users/liamleverock/Documents/GitHub/TucaAndBertie/Tuca&Bertie
-logFile
Logs/AssetImportWorker0.log
-srvPort
61822
Successfully changed project path to: /Users/liamleverock/Documents/GitHub/TucaAndBertie/Tuca&Bertie
/Users/liamleverock/Documents/GitHub/TucaAndBertie/Tuca&Bertie
Using Asset Import Pipeline V2.
Refreshing native plugins compatible for Editor in 54.08 ms, found 3 plugins.
Preloading 0 native plugins for Editor in 0.00 ms.
Initialize engine version: 2020.3.10f1 (297d780c91bc)
[Subsystems] Discovering subsystems at path /Applications/Unity/Hub/Editor/2020.3.10f1/Unity.app/Contents/Resources/UnitySubsystems
[Subsystems] Discovering subsystems at path /Users/liamleverock/Documents/GitHub/TucaAndBertie/Tuca&Bertie/Assets
GfxDevice: creating device client; threaded=0
2022-02-16 16:03:43.023 Unity[19700:1120925] Color LCD preferred device: Intel(R) Iris(TM) Plus Graphics (low power)
2022-02-16 16:03:43.023 Unity[19700:1120925] Metal devices available: 1
2022-02-16 16:03:43.023 Unity[19700:1120925] 0: Intel(R) Iris(TM) Plus Graphics (low power)
2022-02-16 16:03:43.024 Unity[19700:1120925] Using device Intel(R) Iris(TM) Plus Graphics (low power)
Initializing Metal device caps: Intel(R) Iris(TM) Plus Graphics
Initialize mono
Mono path[0] = '/Applications/Unity/Hub/Editor/2020.3.10f1/Unity.app/Contents/Managed'
Mono path[1] = '/Applications/Unity/Hub/Editor/2020.3.10f1/Unity.app/Contents/MonoBleedingEdge/lib/mono/unityjit'
Mono config path = '/Applications/Unity/Hub/Editor/2020.3.10f1/Unity.app/Contents/MonoBleedingEdge/etc'
Using monoOptions --debugger-agent=transport=dt_socket,embedding=1,server=y,suspend=n,address=127.0.0.1:56700
Begin MonoManager ReloadAssembly
Registering precompiled unity dll's ...
Register platform support module: /Applications/Unity/Hub/Editor/2020.3.10f1/Unity.app/Contents/PlaybackEngines/MacStandaloneSupport/UnityEditor.OSXStandalone.Extensions.dll
Registered in 0.000944 seconds.
Native extension for OSXStandalone target not found
Refreshing native plugins compatible for Editor in 49.10 ms, found 3 plugins.
Preloading 0 native plugins for Editor in 0.00 ms.
Mono: successfully reloaded assembly
- Completed reload, in  2.216 seconds
Platform modules already initialized, skipping
Registering precompiled user dll's ...
Registered in 0.001834 seconds.
Begin MonoManager ReloadAssembly
Native extension for OSXStandalone target not found
Refreshing native plugins compatible for Editor in 46.81 ms, found 3 plugins.
Preloading 0 native plugins for Editor in 0.00 ms.
Mono: successfully reloaded assembly
- Completed reload, in  1.408 seconds
Platform modules already initialized, skipping
========================================================================
Worker process is ready to serve import requests
Launching external process: /Applications/Unity/Hub/Editor/2020.3.10f1/Unity.app/Contents/Tools/UnityShaderCompiler
Launched and connected shader compiler UnityShaderCompiler after 0.02 seconds
Refreshing native plugins compatible for Editor in 0.48 ms, found 3 plugins.
Preloading 0 native plugins for Editor in 0.00 ms.
Unloading 2179 Unused Serialized files (Serialized files now loaded: 0)
System memory in use before: 174.2 MB.
System memory in use after: 174.3 MB.

Unloading 41 unused Assets to reduce memory usage. Loaded Objects now: 2603.
Total: 3.053517 ms (FindLiveObjects: 0.182211 ms CreateObjectMapping: 0.061731 ms MarkObjects: 2.594568 ms  DeleteObjects: 0.213628 ms)

========================================================================
Received Import Request.
  path: Assets/Scripts
  artifactKey: Guid(08011a66205d14fd798cf19e0c1c69cb) Importer(815301076,1909f56bfc062723c751e8b465ee728b)
Start importing Assets/Scripts using Guid(08011a66205d14fd798cf19e0c1c69cb) Importer(815301076,1909f56bfc062723c751e8b465ee728b)  -> (artifact id: 'ff7691685befbc0dc6d3aecb863d937d') in 0.005680 seconds
  Import took 0.009291 seconds .

========================================================================
Received Import Request.
  Time since last request: 0.882193 seconds.
  path: Assets/Scripts/Player
  artifactKey: Guid(b7c0065a5dc6340449329486e086a121) Importer(815301076,1909f56bfc062723c751e8b465ee728b)
Start importing Assets/Scripts/Player using Guid(b7c0065a5dc6340449329486e086a121) Importer(815301076,1909f56bfc062723c751e8b465ee728b)  -> (artifact id: '48ca3d8e20c7e918a7a9a2a2dd1c9e3d') in 0.002100 seconds
  Import took 0.007037 seconds .

========================================================================
Received Import Request.
  Time since last request: 7.288192 seconds.
  path: Assets/Sprites
  artifactKey: Guid(b12846c4a76e24131a28e30f5d6db91c) Importer(815301076,1909f56bfc062723c751e8b465ee728b)
Start importing Assets/Sprites using Guid(b12846c4a76e24131a28e30f5d6db91c) Importer(815301076,1909f56bfc062723c751e8b465ee728b)  -> (artifact id: '4724277ebc93f458828b8235acb4b12f') in 0.002277 seconds
  Import took 0.007645 seconds .

========================================================================
Received Import Request.
  Time since last request: 7.377159 seconds.
  path: Assets/Sprites/Player
  artifactKey: Guid(287b90bc12e5b4a1890fdd8e48b98521) Importer(815301076,1909f56bfc062723c751e8b465ee728b)
Start importing Assets/Sprites/Player using Guid(287b90bc12e5b4a1890fdd8e48b98521) Importer(815301076,1909f56bfc062723c751e8b465ee728b)  -> (artifact id: 'c8398e2716595487ee4e625c212d048c') in 0.002211 seconds
  Import took 0.007069 seconds .

